<?xml version="1.0" encoding="UTF-8"?>
<coverage generated="1785104390395" clover="3.2.0">
  <project timestamp="1785104390395" name="All files">
    <metrics statements="85" coveredstatements="68" conditionals="29" coveredconditionals="23" methods="47" coveredmethods="33" elements="161" coveredelements="124" complexity="0" loc="85" ncloc="85" packages="5" files="14" classes="14"/>
    <package name="api">
      <metrics statements="4" coveredstatements="4" conditionals="2" coveredconditionals="2" methods="1" coveredmethods="1"/>
      <file name="todos.ts" path="C:\Users\cdavi\OneDrive\Escritorio\TERCERO\SEMESTRE 3\calidad_software_banos\MODULO 3\vitest\todo-app\src\api\todos.ts">
        <metrics statements="4" coveredstatements="4" conditionals="2" coveredconditionals="2" methods="1" coveredmethods="1"/>
        <line num="6" count="5" type="stmt"/>
        <line num="7" count="5" type="cond" truecount="2" falsecount="0"/>
        <line num="8" count="1" type="stmt"/>
        <line num="10" count="4" type="stmt"/>
      </file>
    </package>
    <package name="components">
      <metrics statements="43" coveredstatements="28" conditionals="16" coveredconditionals="12" methods="23" coveredmethods="12"/>
      <file name="AddTodoForm.tsx" path="C:\Users\cdavi\OneDrive\Escritorio\TERCERO\SEMESTRE 3\calidad_software_banos\MODULO 3\vitest\todo-app\src\components\AddTodoForm.tsx">
        <metrics statements="10" coveredstatements="4" conditionals="2" coveredconditionals="0" methods="4" coveredmethods="1"/>
        <line num="9" count="4" type="stmt"/>
        <line num="10" count="4" type="stmt"/>
        <line num="12" count="4" type="stmt"/>
        <line num="15" count="0" type="stmt"/>
        <line num="16" count="0" type="cond" truecount="0" falsecount="2"/>
        <line num="17" count="0" type="stmt"/>
        <line num="18" count="0" type="stmt"/>
        <line num="21" count="4" type="stmt"/>
        <line num="28" count="0" type="stmt"/>
        <line num="35" count="0" type="stmt"/>
      </file>
      <file name="GoodBye.tsx" path="C:\Users\cdavi\OneDrive\Escritorio\TERCERO\SEMESTRE 3\calidad_software_banos\MODULO 3\vitest\todo-app\src\components\GoodBye.tsx">
        <metrics statements="1" coveredstatements="0" conditionals="0" coveredconditionals="0" methods="1" coveredmethods="0"/>
        <line num="8" count="0" type="stmt"/>
      </file>
      <file name="Hello.tsx" path="C:\Users\cdavi\OneDrive\Escritorio\TERCERO\SEMESTRE 3\calidad_software_banos\MODULO 3\vitest\todo-app\src\components\Hello.tsx">
        <metrics statements="1" coveredstatements="0" conditionals="0" coveredconditionals="0" methods="1" coveredmethods="0"/>
        <line num="8" count="0" type="stmt"/>
      </file>
      <file name="LoginForm.tsx" path="C:\Users\cdavi\OneDrive\Escritorio\TERCERO\SEMESTRE 3\calidad_software_banos\MODULO 3\vitest\todo-app\src\components\LoginForm.tsx">
        <metrics statements="8" coveredstatements="3" conditionals="0" coveredconditionals="0" methods="5" coveredmethods="1"/>
        <line num="9" count="6" type="stmt"/>
        <line num="10" count="6" type="stmt"/>
        <line num="13" count="0" type="stmt"/>
        <line num="14" count="0" type="stmt"/>
        <line num="17" count="6" type="stmt"/>
        <line num="25" count="0" type="stmt"/>
        <line num="32" count="0" type="stmt"/>
        <line num="40" count="0" type="stmt"/>
      </file>
      <file name="TodoItem.tsx" path="C:\Users\cdavi\OneDrive\Escritorio\TERCERO\SEMESTRE 3\calidad_software_banos\MODULO 3\vitest\todo-app\src\components\TodoItem.tsx">
        <metrics statements="3" coveredstatements="1" conditionals="0" coveredconditionals="0" methods="3" coveredmethods="1"/>
        <line num="11" count="16" type="stmt"/>
        <line num="17" count="0" type="stmt"/>
        <line num="28" count="0" type="stmt"/>
      </file>
      <file name="TodoList.tsx" path="C:\Users\cdavi\OneDrive\Escritorio\TERCERO\SEMESTRE 3\calidad_software_banos\MODULO 3\vitest\todo-app\src\components\TodoList.tsx">
        <metrics statements="4" coveredstatements="4" conditionals="2" coveredconditionals="2" methods="2" coveredmethods="2"/>
        <line num="13" count="4" type="cond" truecount="2" falsecount="0"/>
        <line num="14" count="1" type="stmt"/>
        <line num="17" count="3" type="stmt"/>
        <line num="20" count="9" type="stmt"/>
      </file>
      <file name="TodoLoader.tsx" path="C:\Users\cdavi\OneDrive\Escritorio\TERCERO\SEMESTRE 3\calidad_software_banos\MODULO 3\vitest\todo-app\src\components\TodoLoader.tsx">
        <metrics statements="16" coveredstatements="16" conditionals="12" coveredconditionals="10" methods="7" coveredmethods="7"/>
        <line num="8" count="9" type="stmt"/>
        <line num="9" count="9" type="stmt"/>
        <line num="10" count="9" type="stmt"/>
        <line num="12" count="9" type="stmt"/>
        <line num="13" count="5" type="stmt"/>
        <line num="15" count="5" type="stmt"/>
        <line num="17" count="4" type="cond" truecount="2" falsecount="0"/>
        <line num="21" count="1" type="cond" truecount="1" falsecount="1"/>
        <line num="22" count="1" type="cond" truecount="1" falsecount="1"/>
        <line num="26" count="5" type="cond" truecount="2" falsecount="0"/>
        <line num="29" count="5" type="stmt"/>
        <line num="30" count="5" type="stmt"/>
        <line num="34" count="9" type="cond" truecount="2" falsecount="0"/>
        <line num="35" count="4" type="cond" truecount="2" falsecount="0"/>
        <line num="37" count="3" type="stmt"/>
        <line num="40" count="6" type="stmt"/>
      </file>
    </package>
    <package name="hooks">
      <metrics statements="23" coveredstatements="21" conditionals="7" coveredconditionals="6" methods="16" coveredmethods="13"/>
      <file name="useAuth.ts" path="C:\Users\cdavi\OneDrive\Escritorio\TERCERO\SEMESTRE 3\calidad_software_banos\MODULO 3\vitest\todo-app\src\hooks\useAuth.ts">
        <metrics statements="7" coveredstatements="7" conditionals="0" coveredconditionals="0" methods="3" coveredmethods="3"/>
        <line num="6" count="6" type="stmt"/>
        <line num="8" count="6" type="stmt"/>
        <line num="10" count="2" type="stmt"/>
        <line num="13" count="6" type="stmt"/>
        <line num="14" count="1" type="stmt"/>
        <line num="17" count="6" type="stmt"/>
        <line num="19" count="6" type="stmt"/>
      </file>
      <file name="useTodos.ts" path="C:\Users\cdavi\OneDrive\Escritorio\TERCERO\SEMESTRE 3\calidad_software_banos\MODULO 3\vitest\todo-app\src\hooks\useTodos.ts">
        <metrics statements="16" coveredstatements="14" conditionals="7" coveredconditionals="6" methods="13" coveredmethods="10"/>
        <line num="5" count="1" type="stmt"/>
        <line num="8" count="0" type="stmt"/>
        <line num="12" count="12" type="stmt"/>
        <line num="13" count="12" type="stmt"/>
        <line num="15" count="12" type="stmt"/>
        <line num="16" count="0" type="stmt"/>
        <line num="19" count="12" type="stmt"/>
        <line num="20" count="2" type="stmt"/>
        <line num="21" count="2" type="cond" truecount="1" falsecount="1"/>
        <line num="25" count="12" type="stmt"/>
        <line num="26" count="3" type="stmt"/>
        <line num="30" count="12" type="stmt"/>
        <line num="31" count="12" type="cond" truecount="2" falsecount="0"/>
        <line num="32" count="11" type="cond" truecount="2" falsecount="0"/>
        <line num="33" count="10" type="stmt"/>
        <line num="36" count="12" type="stmt"/>
      </file>
    </package>
    <package name="interactions">
      <metrics statements="11" coveredstatements="11" conditionals="4" coveredconditionals="3" methods="6" coveredmethods="6"/>
      <file name="AddTodoFormInteraction.tsx" path="C:\Users\cdavi\OneDrive\Escritorio\TERCERO\SEMESTRE 3\calidad_software_banos\MODULO 3\vitest\todo-app\src\interactions\AddTodoFormInteraction.tsx">
        <metrics statements="8" coveredstatements="8" conditionals="2" coveredconditionals="1" methods="3" coveredmethods="3"/>
        <line num="9" count="58" type="stmt"/>
        <line num="12" count="4" type="stmt"/>
        <line num="13" count="4" type="stmt"/>
        <line num="14" count="4" type="cond" truecount="1" falsecount="1"/>
        <line num="15" count="4" type="stmt"/>
        <line num="16" count="4" type="stmt"/>
        <line num="19" count="58" type="stmt"/>
        <line num="25" count="51" type="stmt"/>
      </file>
      <file name="TodoItemInteraction.tsx" path="C:\Users\cdavi\OneDrive\Escritorio\TERCERO\SEMESTRE 3\calidad_software_banos\MODULO 3\vitest\todo-app\src\interactions\TodoItemInteraction.tsx">
        <metrics statements="3" coveredstatements="3" conditionals="2" coveredconditionals="2" methods="3" coveredmethods="3"/>
        <line num="11" count="3" type="stmt"/>
        <line num="17" count="1" type="stmt"/>
        <line num="22" count="1" type="stmt"/>
      </file>
    </package>
    <package name="test.mocks">
      <metrics statements="4" coveredstatements="4" conditionals="0" coveredconditionals="0" methods="1" coveredmethods="1"/>
      <file name="handlers.ts" path="C:\Users\cdavi\OneDrive\Escritorio\TERCERO\SEMESTRE 3\calidad_software_banos\MODULO 3\vitest\todo-app\src\test\mocks\handlers.ts">
        <metrics statements="3" coveredstatements="3" conditionals="0" coveredconditionals="0" methods="1" coveredmethods="1"/>
        <line num="6" count="16" type="stmt"/>
        <line num="11" count="16" type="stmt"/>
        <line num="14" count="4" type="stmt"/>
      </file>
      <file name="server.ts" path="C:\Users\cdavi\OneDrive\Escritorio\TERCERO\SEMESTRE 3\calidad_software_banos\MODULO 3\vitest\todo-app\src\test\mocks\server.ts">
        <metrics statements="1" coveredstatements="1" conditionals="0" coveredconditionals="0" methods="0" coveredmethods="0"/>
        <line num="6" count="16" type="stmt"/>
      </file>
    </package>
  </project>
</coverage>
