{"C:\\Users\\cdavi\\OneDrive\\Escritorio\\TERCERO\\SEMESTRE 3\\calidad_software_banos\\MODULO 3\\vitest\\todo-app\\src\\api\\todos.ts": {"path":"C:\\Users\\cdavi\\OneDrive\\Escritorio\\TERCERO\\SEMESTRE 3\\calidad_software_banos\\MODULO 3\\vitest\\todo-app\\src\\api\\todos.ts","statementMap":{"0":{"start":{"line":6,"column":14},"end":{"line":6,"column":null}},"1":{"start":{"line":7,"column":2},"end":{"line":9,"column":null}},"2":{"start":{"line":8,"column":4},"end":{"line":8,"column":null}},"3":{"start":{"line":10,"column":2},"end":{"line":10,"column":null}}},"fnMap":{"0":{"name":"fetchTodos","decl":{"start":{"line":5,"column":22},"end":{"line":5,"column":52}},"loc":{"start":{"line":5,"column":52},"end":{"line":11,"column":null}},"line":5}},"branchMap":{"0":{"loc":{"start":{"line":7,"column":2},"end":{"line":9,"column":null}},"type":"if","locations":[{"start":{"line":7,"column":2},"end":{"line":9,"column":null}},{"start":{},"end":{}}],"line":7}},"s":{"0":5,"1":5,"2":1,"3":4},"f":{"0":5},"b":{"0":[1,4]},"meta":{"lastBranch":1,"lastFunction":1,"lastStatement":4,"seen":{"f:5:22:5:52":0,"s:6:14:6:Infinity":0,"b:7:2:9:Infinity:undefined:undefined:undefined:undefined":0,"s:7:2:9:Infinity":1,"s:8:4:8:Infinity":2,"s:10:2:10:Infinity":3},"fnNames":{}}}
,"C:\\Users\\cdavi\\OneDrive\\Escritorio\\TERCERO\\SEMESTRE 3\\calidad_software_banos\\MODULO 3\\vitest\\todo-app\\src\\components\\AddTodoForm.tsx": {"path":"C:\\Users\\cdavi\\OneDrive\\Escritorio\\TERCERO\\SEMESTRE 3\\calidad_software_banos\\MODULO 3\\vitest\\todo-app\\src\\components\\AddTodoForm.tsx","statementMap":{"0":{"start":{"line":9,"column":15},"end":{"line":9,"column":null}},"1":{"start":{"line":10,"column":17},"end":{"line":10,"column":null}},"2":{"start":{"line":12,"column":19},"end":{"line":12,"column":null}},"3":{"start":{"line":15,"column":4},"end":{"line":15,"column":null}},"4":{"start":{"line":16,"column":4},"end":{"line":16,"column":null}},"5":{"start":{"line":16,"column":18},"end":{"line":16,"column":null}},"6":{"start":{"line":17,"column":4},"end":{"line":17,"column":null}},"7":{"start":{"line":18,"column":4},"end":{"line":18,"column":null}},"8":{"start":{"line":21,"column":2},"end":{"line":40,"column":null}},"9":{"start":{"line":28,"column":25},"end":{"line":28,"column":null}},"10":{"start":{"line":35,"column":25},"end":{"line":35,"column":null}}},"fnMap":{"0":{"name":"AddTodoForm","decl":{"start":{"line":8,"column":16},"end":{"line":8,"column":28}},"loc":{"start":{"line":8,"column":57},"end":{"line":42,"column":null}},"line":8},"1":{"name":"handleSubmit","decl":{"start":{"line":14,"column":11},"end":{"line":14,"column":24}},"loc":{"start":{"line":14,"column":44},"end":{"line":19,"column":null}},"line":14},"2":{"name":"(anonymous_2)","decl":{"start":{"line":28,"column":8},"end":{"line":28,"column":19}},"loc":{"start":{"line":28,"column":25},"end":{"line":28,"column":null}},"line":28},"3":{"name":"(anonymous_3)","decl":{"start":{"line":35,"column":8},"end":{"line":35,"column":19}},"loc":{"start":{"line":35,"column":25},"end":{"line":35,"column":null}},"line":35}},"branchMap":{"0":{"loc":{"start":{"line":16,"column":4},"end":{"line":16,"column":null}},"type":"if","locations":[{"start":{"line":16,"column":4},"end":{"line":16,"column":null}},{"start":{},"end":{}}],"line":16}},"s":{"0":4,"1":4,"2":4,"3":0,"4":0,"5":0,"6":0,"7":0,"8":4,"9":0,"10":0},"f":{"0":4,"1":0,"2":0,"3":0},"b":{"0":[0,0]},"meta":{"lastBranch":1,"lastFunction":4,"lastStatement":11,"seen":{"f:8:16:8:28":0,"s:9:15:9:Infinity":0,"s:10:17:10:Infinity":1,"s:12:19:12:Infinity":2,"f:14:11:14:24":1,"s:15:4:15:Infinity":3,"b:16:4:16:Infinity:undefined:undefined:undefined:undefined":0,"s:16:4:16:Infinity":4,"s:16:18:16:Infinity":5,"s:17:4:17:Infinity":6,"s:18:4:18:Infinity":7,"s:21:2:40:Infinity":8,"f:28:8:28:19":2,"s:28:25:28:Infinity":9,"f:35:8:35:19":3,"s:35:25:35:Infinity":10},"fnNames":{}}}
,"C:\\Users\\cdavi\\OneDrive\\Escritorio\\TERCERO\\SEMESTRE 3\\calidad_software_banos\\MODULO 3\\vitest\\todo-app\\src\\components\\GoodBye.tsx": {"path":"C:\\Users\\cdavi\\OneDrive\\Escritorio\\TERCERO\\SEMESTRE 3\\calidad_software_banos\\MODULO 3\\vitest\\todo-app\\src\\components\\GoodBye.tsx","statementMap":{"0":{"start":{"line":8,"column":2},"end":{"line":8,"column":null}}},"fnMap":{"0":{"name":"GoodBye","decl":{"start":{"line":7,"column":16},"end":{"line":7,"column":24}},"loc":{"start":{"line":7,"column":48},"end":{"line":9,"column":null}},"line":7}},"branchMap":{},"s":{"0":0},"f":{"0":0},"b":{},"meta":{"lastBranch":0,"lastFunction":1,"lastStatement":1,"seen":{"f:7:16:7:24":0,"s:8:2:8:Infinity":0},"fnNames":{}}}
,"C:\\Users\\cdavi\\OneDrive\\Escritorio\\TERCERO\\SEMESTRE 3\\calidad_software_banos\\MODULO 3\\vitest\\todo-app\\src\\components\\Hello.tsx": {"path":"C:\\Users\\cdavi\\OneDrive\\Escritorio\\TERCERO\\SEMESTRE 3\\calidad_software_banos\\MODULO 3\\vitest\\todo-app\\src\\components\\Hello.tsx","statementMap":{"0":{"start":{"line":8,"column":2},"end":{"line":8,"column":null}}},"fnMap":{"0":{"name":"Hello","decl":{"start":{"line":7,"column":16},"end":{"line":7,"column":22}},"loc":{"start":{"line":7,"column":44},"end":{"line":9,"column":null}},"line":7}},"branchMap":{},"s":{"0":0},"f":{"0":0},"b":{},"meta":{"lastBranch":0,"lastFunction":1,"lastStatement":1,"seen":{"f:7:16:7:22":0,"s:8:2:8:Infinity":0},"fnNames":{}}}
,"C:\\Users\\cdavi\\OneDrive\\Escritorio\\TERCERO\\SEMESTRE 3\\calidad_software_banos\\MODULO 3\\vitest\\todo-app\\src\\components\\LoginForm.tsx": {"path":"C:\\Users\\cdavi\\OneDrive\\Escritorio\\TERCERO\\SEMESTRE 3\\calidad_software_banos\\MODULO 3\\vitest\\todo-app\\src\\components\\LoginForm.tsx","statementMap":{"0":{"start":{"line":9,"column":19},"end":{"line":9,"column":null}},"1":{"start":{"line":10,"column":19},"end":{"line":10,"column":null}},"2":{"start":{"line":13,"column":4},"end":{"line":13,"column":null}},"3":{"start":{"line":14,"column":4},"end":{"line":14,"column":null}},"4":{"start":{"line":17,"column":2},"end":{"line":46,"column":null}},"5":{"start":{"line":25,"column":25},"end":{"line":25,"column":null}},"6":{"start":{"line":32,"column":25},"end":{"line":32,"column":null}},"7":{"start":{"line":40,"column":25},"end":{"line":40,"column":null}}},"fnMap":{"0":{"name":"LoginForm","decl":{"start":{"line":8,"column":16},"end":{"line":8,"column":26}},"loc":{"start":{"line":8,"column":55},"end":{"line":48,"column":null}},"line":8},"1":{"name":"handleSubmit","decl":{"start":{"line":12,"column":11},"end":{"line":12,"column":24}},"loc":{"start":{"line":12,"column":44},"end":{"line":15,"column":null}},"line":12},"2":{"name":"(anonymous_2)","decl":{"start":{"line":25,"column":8},"end":{"line":25,"column":19}},"loc":{"start":{"line":25,"column":25},"end":{"line":25,"column":null}},"line":25},"3":{"name":"(anonymous_3)","decl":{"start":{"line":32,"column":8},"end":{"line":32,"column":19}},"loc":{"start":{"line":32,"column":25},"end":{"line":32,"column":null}},"line":32},"4":{"name":"(anonymous_4)","decl":{"start":{"line":40,"column":8},"end":{"line":40,"column":19}},"loc":{"start":{"line":40,"column":25},"end":{"line":40,"column":null}},"line":40}},"branchMap":{},"s":{"0":6,"1":6,"2":0,"3":0,"4":6,"5":0,"6":0,"7":0},"f":{"0":6,"1":0,"2":0,"3":0,"4":0},"b":{},"meta":{"lastBranch":0,"lastFunction":5,"lastStatement":8,"seen":{"f:8:16:8:26":0,"s:9:19:9:Infinity":0,"s:10:19:10:Infinity":1,"f:12:11:12:24":1,"s:13:4:13:Infinity":2,"s:14:4:14:Infinity":3,"s:17:2:46:Infinity":4,"f:25:8:25:19":2,"s:25:25:25:Infinity":5,"f:32:8:32:19":3,"s:32:25:32:Infinity":6,"f:40:8:40:19":4,"s:40:25:40:Infinity":7},"fnNames":{}}}
,"C:\\Users\\cdavi\\OneDrive\\Escritorio\\TERCERO\\SEMESTRE 3\\calidad_software_banos\\MODULO 3\\vitest\\todo-app\\src\\components\\TodoItem.tsx": {"path":"C:\\Users\\cdavi\\OneDrive\\Escritorio\\TERCERO\\SEMESTRE 3\\calidad_software_banos\\MODULO 3\\vitest\\todo-app\\src\\components\\TodoItem.tsx","statementMap":{"0":{"start":{"line":11,"column":2},"end":{"line":29,"column":null}},"1":{"start":{"line":17,"column":24},"end":{"line":17,"column":null}},"2":{"start":{"line":28,"column":29},"end":{"line":28,"column":48}}},"fnMap":{"0":{"name":"TodoItem","decl":{"start":{"line":10,"column":16},"end":{"line":10,"column":25}},"loc":{"start":{"line":10,"column":70},"end":{"line":31,"column":null}},"line":10},"1":{"name":"(anonymous_1)","decl":{"start":{"line":17,"column":8},"end":{"line":17,"column":24}},"loc":{"start":{"line":17,"column":24},"end":{"line":17,"column":null}},"line":17},"2":{"name":"(anonymous_2)","decl":{"start":{"line":28,"column":14},"end":{"line":28,"column":29}},"loc":{"start":{"line":28,"column":29},"end":{"line":28,"column":48}},"line":28}},"branchMap":{},"s":{"0":16,"1":0,"2":0},"f":{"0":16,"1":0,"2":0},"b":{},"meta":{"lastBranch":0,"lastFunction":3,"lastStatement":3,"seen":{"f:10:16:10:25":0,"s:11:2:29:Infinity":0,"f:17:8:17:24":1,"s:17:24:17:Infinity":1,"f:28:14:28:29":2,"s:28:29:28:48":2},"fnNames":{}}}
,"C:\\Users\\cdavi\\OneDrive\\Escritorio\\TERCERO\\SEMESTRE 3\\calidad_software_banos\\MODULO 3\\vitest\\todo-app\\src\\components\\TodoList.tsx": {"path":"C:\\Users\\cdavi\\OneDrive\\Escritorio\\TERCERO\\SEMESTRE 3\\calidad_software_banos\\MODULO 3\\vitest\\todo-app\\src\\components\\TodoList.tsx","statementMap":{"0":{"start":{"line":13,"column":2},"end":{"line":15,"column":null}},"1":{"start":{"line":14,"column":4},"end":{"line":14,"column":null}},"2":{"start":{"line":17,"column":2},"end":{"line":27,"column":null}},"3":{"start":{"line":20,"column":8},"end":{"line":25,"column":null}}},"fnMap":{"0":{"name":"TodoList","decl":{"start":{"line":11,"column":16},"end":{"line":11,"column":25}},"loc":{"start":{"line":11,"column":71},"end":{"line":29,"column":null}},"line":11},"1":{"name":"(anonymous_1)","decl":{"start":{"line":19,"column":13},"end":{"line":19,"column":18}},"loc":{"start":{"line":20,"column":8},"end":{"line":25,"column":null}},"line":20}},"branchMap":{"0":{"loc":{"start":{"line":13,"column":2},"end":{"line":15,"column":null}},"type":"if","locations":[{"start":{"line":13,"column":2},"end":{"line":15,"column":null}},{"start":{},"end":{}}],"line":13}},"s":{"0":4,"1":1,"2":3,"3":9},"f":{"0":4,"1":9},"b":{"0":[1,3]},"meta":{"lastBranch":1,"lastFunction":2,"lastStatement":4,"seen":{"f:11:16:11:25":0,"b:13:2:15:Infinity:undefined:undefined:undefined:undefined":0,"s:13:2:15:Infinity":0,"s:14:4:14:Infinity":1,"s:17:2:27:Infinity":2,"f:19:13:19:18":1,"s:20:8:25:Infinity":3},"fnNames":{}}}
,"C:\\Users\\cdavi\\OneDrive\\Escritorio\\TERCERO\\SEMESTRE 3\\calidad_software_banos\\MODULO 3\\vitest\\todo-app\\src\\components\\TodoLoader.tsx": {"path":"C:\\Users\\cdavi\\OneDrive\\Escritorio\\TERCERO\\SEMESTRE 3\\calidad_software_banos\\MODULO 3\\vitest\\todo-app\\src\\components\\TodoLoader.tsx","statementMap":{"0":{"start":{"line":8,"column":16},"end":{"line":8,"column":null}},"1":{"start":{"line":9,"column":18},"end":{"line":9,"column":null}},"2":{"start":{"line":10,"column":16},"end":{"line":10,"column":null}},"3":{"start":{"line":12,"column":2},"end":{"line":32,"column":null}},"4":{"start":{"line":13,"column":20},"end":{"line":13,"column":null}},"5":{"start":{"line":15,"column":4},"end":{"line":27,"column":null}},"6":{"start":{"line":17,"column":8},"end":{"line":17,"column":null}},"7":{"start":{"line":17,"column":24},"end":{"line":17,"column":null}},"8":{"start":{"line":21,"column":8},"end":{"line":23,"column":null}},"9":{"start":{"line":22,"column":10},"end":{"line":22,"column":null}},"10":{"start":{"line":26,"column":8},"end":{"line":26,"column":null}},"11":{"start":{"line":26,"column":24},"end":{"line":26,"column":null}},"12":{"start":{"line":29,"column":4},"end":{"line":31,"column":null}},"13":{"start":{"line":30,"column":6},"end":{"line":30,"column":null}},"14":{"start":{"line":34,"column":2},"end":{"line":34,"column":null}},"15":{"start":{"line":34,"column":15},"end":{"line":34,"column":null}},"16":{"start":{"line":35,"column":2},"end":{"line":35,"column":null}},"17":{"start":{"line":35,"column":13},"end":{"line":35,"column":null}},"18":{"start":{"line":37,"column":2},"end":{"line":45,"column":null}},"19":{"start":{"line":40,"column":8},"end":{"line":44,"column":null}}},"fnMap":{"0":{"name":"TodoLoader","decl":{"start":{"line":7,"column":16},"end":{"line":7,"column":29}},"loc":{"start":{"line":7,"column":29},"end":{"line":47,"column":null}},"line":7},"1":{"name":"(anonymous_1)","decl":{"start":{"line":12,"column":2},"end":{"line":12,"column":18}},"loc":{"start":{"line":12,"column":18},"end":{"line":32,"column":5}},"line":12},"2":{"name":"(anonymous_2)","decl":{"start":{"line":16,"column":7},"end":{"line":16,"column":13}},"loc":{"start":{"line":16,"column":22},"end":{"line":18,"column":7}},"line":16},"3":{"name":"(anonymous_3)","decl":{"start":{"line":19,"column":7},"end":{"line":19,"column":14}},"loc":{"start":{"line":19,"column":31},"end":{"line":24,"column":7}},"line":19},"4":{"name":"(anonymous_4)","decl":{"start":{"line":25,"column":7},"end":{"line":25,"column":21}},"loc":{"start":{"line":25,"column":21},"end":{"line":27,"column":7}},"line":25},"5":{"name":"(anonymous_5)","decl":{"start":{"line":29,"column":4},"end":{"line":29,"column":17}},"loc":{"start":{"line":29,"column":17},"end":{"line":31,"column":null}},"line":29},"6":{"name":"(anonymous_6)","decl":{"start":{"line":39,"column":13},"end":{"line":39,"column":18}},"loc":{"start":{"line":40,"column":8},"end":{"line":44,"column":null}},"line":40}},"branchMap":{"0":{"loc":{"start":{"line":17,"column":8},"end":{"line":17,"column":null}},"type":"if","locations":[{"start":{"line":17,"column":8},"end":{"line":17,"column":null}},{"start":{},"end":{}}],"line":17},"1":{"loc":{"start":{"line":21,"column":8},"end":{"line":23,"column":null}},"type":"if","locations":[{"start":{"line":21,"column":8},"end":{"line":23,"column":null}},{"start":{},"end":{}}],"line":21},"2":{"loc":{"start":{"line":22,"column":19},"end":{"line":22,"column":75}},"type":"cond-expr","locations":[{"start":{"line":22,"column":42},"end":{"line":22,"column":56}},{"start":{"line":22,"column":56},"end":{"line":22,"column":75}}],"line":22},"3":{"loc":{"start":{"line":26,"column":8},"end":{"line":26,"column":null}},"type":"if","locations":[{"start":{"line":26,"column":8},"end":{"line":26,"column":null}},{"start":{},"end":{}}],"line":26},"4":{"loc":{"start":{"line":34,"column":2},"end":{"line":34,"column":null}},"type":"if","locations":[{"start":{"line":34,"column":2},"end":{"line":34,"column":null}},{"start":{},"end":{}}],"line":34},"5":{"loc":{"start":{"line":35,"column":2},"end":{"line":35,"column":null}},"type":"if","locations":[{"start":{"line":35,"column":2},"end":{"line":35,"column":null}},{"start":{},"end":{}}],"line":35}},"s":{"0":9,"1":9,"2":9,"3":9,"4":5,"5":5,"6":4,"7":3,"8":1,"9":1,"10":5,"11":4,"12":5,"13":5,"14":9,"15":5,"16":4,"17":1,"18":3,"19":6},"f":{"0":9,"1":5,"2":4,"3":1,"4":5,"5":5,"6":6},"b":{"0":[3,1],"1":[1,0],"2":[1,0],"3":[4,1],"4":[5,4],"5":[1,3]},"meta":{"lastBranch":6,"lastFunction":7,"lastStatement":20,"seen":{"f:7:16:7:29":0,"s:8:16:8:Infinity":0,"s:9:18:9:Infinity":1,"s:10:16:10:Infinity":2,"s:12:2:32:Infinity":3,"f:12:2:12:18":1,"s:13:20:13:Infinity":4,"s:15:4:27:Infinity":5,"f:16:7:16:13":2,"b:17:8:17:Infinity:undefined:undefined:undefined:undefined":0,"s:17:8:17:Infinity":6,"s:17:24:17:Infinity":7,"f:19:7:19:14":3,"b:21:8:23:Infinity:undefined:undefined:undefined:undefined":1,"s:21:8:23:Infinity":8,"s:22:10:22:Infinity":9,"b:22:42:22:56:22:56:22:75":2,"f:25:7:25:21":4,"b:26:8:26:Infinity:undefined:undefined:undefined:undefined":3,"s:26:8:26:Infinity":10,"s:26:24:26:Infinity":11,"s:29:4:31:Infinity":12,"f:29:4:29:17":5,"s:30:6:30:Infinity":13,"b:34:2:34:Infinity:undefined:undefined:undefined:undefined":4,"s:34:2:34:Infinity":14,"s:34:15:34:Infinity":15,"b:35:2:35:Infinity:undefined:undefined:undefined:undefined":5,"s:35:2:35:Infinity":16,"s:35:13:35:Infinity":17,"s:37:2:45:Infinity":18,"f:39:13:39:18":6,"s:40:8:44:Infinity":19},"fnNames":{}}}
,"C:\\Users\\cdavi\\OneDrive\\Escritorio\\TERCERO\\SEMESTRE 3\\calidad_software_banos\\MODULO 3\\vitest\\todo-app\\src\\hooks\\useAuth.ts": {"path":"C:\\Users\\cdavi\\OneDrive\\Escritorio\\TERCERO\\SEMESTRE 3\\calidad_software_banos\\MODULO 3\\vitest\\todo-app\\src\\hooks\\useAuth.ts","statementMap":{"0":{"start":{"line":6,"column":15},"end":{"line":6,"column":null}},"1":{"start":{"line":8,"column":8},"end":{"line":11,"column":null}},"2":{"start":{"line":10,"column":4},"end":{"line":10,"column":null}},"3":{"start":{"line":13,"column":8},"end":{"line":15,"column":null}},"4":{"start":{"line":14,"column":4},"end":{"line":14,"column":null}},"5":{"start":{"line":17,"column":26},"end":{"line":17,"column":null}},"6":{"start":{"line":19,"column":2},"end":{"line":19,"column":null}}},"fnMap":{"0":{"name":"useAuth","decl":{"start":{"line":5,"column":16},"end":{"line":5,"column":26}},"loc":{"start":{"line":5,"column":26},"end":{"line":20,"column":null}},"line":5},"1":{"name":"(anonymous_1)","decl":{"start":{"line":8,"column":16},"end":{"line":8,"column":29}},"loc":{"start":{"line":8,"column":46},"end":{"line":11,"column":5}},"line":8},"2":{"name":"(anonymous_2)","decl":{"start":{"line":13,"column":17},"end":{"line":13,"column":35}},"loc":{"start":{"line":13,"column":35},"end":{"line":15,"column":5}},"line":13}},"branchMap":{},"s":{"0":6,"1":6,"2":2,"3":6,"4":1,"5":6,"6":6},"f":{"0":6,"1":2,"2":1},"b":{},"meta":{"lastBranch":0,"lastFunction":3,"lastStatement":7,"seen":{"f:5:16:5:26":0,"s:6:15:6:Infinity":0,"s:8:8:11:Infinity":1,"f:8:16:8:29":1,"s:10:4:10:Infinity":2,"s:13:8:15:Infinity":3,"f:13:17:13:35":2,"s:14:4:14:Infinity":4,"s:17:26:17:Infinity":5,"s:19:2:19:Infinity":6},"fnNames":{}}}
,"C:\\Users\\cdavi\\OneDrive\\Escritorio\\TERCERO\\SEMESTRE 3\\calidad_software_banos\\MODULO 3\\vitest\\todo-app\\src\\hooks\\useTodos.ts": {"path":"C:\\Users\\cdavi\\OneDrive\\Escritorio\\TERCERO\\SEMESTRE 3\\calidad_software_banos\\MODULO 3\\vitest\\todo-app\\src\\hooks\\useTodos.ts","statementMap":{"0":{"start":{"line":5,"column":13},"end":{"line":5,"column":null}},"1":{"start":{"line":8,"column":2},"end":{"line":8,"column":null}},"2":{"start":{"line":12,"column":16},"end":{"line":12,"column":null}},"3":{"start":{"line":13,"column":17},"end":{"line":13,"column":null}},"4":{"start":{"line":15,"column":8},"end":{"line":17,"column":null}},"5":{"start":{"line":16,"column":4},"end":{"line":16,"column":null}},"6":{"start":{"line":16,"column":27},"end":{"line":16,"column":76}},"7":{"start":{"line":19,"column":8},"end":{"line":23,"column":null}},"8":{"start":{"line":20,"column":4},"end":{"line":22,"column":null}},"9":{"start":{"line":21,"column":6},"end":{"line":21,"column":null}},"10":{"start":{"line":21,"column":23},"end":{"line":21,"column":75}},"11":{"start":{"line":25,"column":8},"end":{"line":27,"column":null}},"12":{"start":{"line":26,"column":4},"end":{"line":26,"column":null}},"13":{"start":{"line":26,"column":23},"end":{"line":26,"column":54}},"14":{"start":{"line":26,"column":42},"end":{"line":26,"column":53}},"15":{"start":{"line":30,"column":8},"end":{"line":34,"column":null}},"16":{"start":{"line":31,"column":4},"end":{"line":31,"column":null}},"17":{"start":{"line":31,"column":29},"end":{"line":31,"column":null}},"18":{"start":{"line":31,"column":56},"end":{"line":31,"column":68}},"19":{"start":{"line":32,"column":4},"end":{"line":32,"column":null}},"20":{"start":{"line":32,"column":32},"end":{"line":32,"column":null}},"21":{"start":{"line":32,"column":59},"end":{"line":32,"column":70}},"22":{"start":{"line":33,"column":4},"end":{"line":33,"column":null}},"23":{"start":{"line":36,"column":2},"end":{"line":36,"column":null}}},"fnMap":{"0":{"name":"genId","decl":{"start":{"line":6,"column":9},"end":{"line":6,"column":25}},"loc":{"start":{"line":6,"column":25},"end":{"line":9,"column":null}},"line":6},"1":{"name":"useTodos","decl":{"start":{"line":11,"column":16},"end":{"line":11,"column":25}},"loc":{"start":{"line":11,"column":47},"end":{"line":37,"column":null}},"line":11},"2":{"name":"(anonymous_2)","decl":{"start":{"line":15,"column":14},"end":{"line":15,"column":27}},"loc":{"start":{"line":15,"column":44},"end":{"line":17,"column":5}},"line":15},"3":{"name":"(anonymous_3)","decl":{"start":{"line":16,"column":4},"end":{"line":16,"column":14}},"loc":{"start":{"line":16,"column":27},"end":{"line":16,"column":76}},"line":16},"4":{"name":"(anonymous_4)","decl":{"start":{"line":19,"column":17},"end":{"line":19,"column":30}},"loc":{"start":{"line":19,"column":45},"end":{"line":23,"column":5}},"line":19},"5":{"name":"(anonymous_5)","decl":{"start":{"line":20,"column":4},"end":{"line":20,"column":14}},"loc":{"start":{"line":21,"column":6},"end":{"line":21,"column":null}},"line":21},"6":{"name":"(anonymous_6)","decl":{"start":{"line":21,"column":11},"end":{"line":21,"column":16}},"loc":{"start":{"line":21,"column":23},"end":{"line":21,"column":75}},"line":21},"7":{"name":"(anonymous_7)","decl":{"start":{"line":25,"column":17},"end":{"line":25,"column":30}},"loc":{"start":{"line":25,"column":45},"end":{"line":27,"column":5}},"line":25},"8":{"name":"(anonymous_8)","decl":{"start":{"line":26,"column":4},"end":{"line":26,"column":14}},"loc":{"start":{"line":26,"column":23},"end":{"line":26,"column":54}},"line":26},"9":{"name":"(anonymous_9)","decl":{"start":{"line":26,"column":28},"end":{"line":26,"column":36}},"loc":{"start":{"line":26,"column":42},"end":{"line":26,"column":53}},"line":26},"10":{"name":"(anonymous_10)","decl":{"start":{"line":30,"column":23},"end":{"line":30,"column":37}},"loc":{"start":{"line":30,"column":37},"end":{"line":34,"column":5}},"line":30},"11":{"name":"(anonymous_11)","decl":{"start":{"line":31,"column":42},"end":{"line":31,"column":50}},"loc":{"start":{"line":31,"column":56},"end":{"line":31,"column":68}},"line":31},"12":{"name":"(anonymous_12)","decl":{"start":{"line":32,"column":45},"end":{"line":32,"column":53}},"loc":{"start":{"line":32,"column":59},"end":{"line":32,"column":70}},"line":32}},"branchMap":{"0":{"loc":{"start":{"line":11,"column":25},"end":{"line":11,"column":47}},"type":"default-arg","locations":[{"start":{"line":11,"column":43},"end":{"line":11,"column":47}}],"line":11},"1":{"loc":{"start":{"line":21,"column":23},"end":{"line":21,"column":75}},"type":"cond-expr","locations":[{"start":{"line":21,"column":37},"end":{"line":21,"column":73}},{"start":{"line":21,"column":73},"end":{"line":21,"column":75}}],"line":21},"2":{"loc":{"start":{"line":31,"column":4},"end":{"line":31,"column":null}},"type":"if","locations":[{"start":{"line":31,"column":4},"end":{"line":31,"column":null}},{"start":{},"end":{}}],"line":31},"3":{"loc":{"start":{"line":32,"column":4},"end":{"line":32,"column":null}},"type":"if","locations":[{"start":{"line":32,"column":4},"end":{"line":32,"column":null}},{"start":{},"end":{}}],"line":32}},"s":{"0":1,"1":0,"2":12,"3":12,"4":12,"5":0,"6":0,"7":12,"8":2,"9":2,"10":2,"11":12,"12":1,"13":1,"14":3,"15":12,"16":12,"17":1,"18":2,"19":11,"20":1,"21":2,"22":10,"23":12},"f":{"0":0,"1":12,"2":0,"3":0,"4":2,"5":2,"6":2,"7":1,"8":1,"9":3,"10":12,"11":2,"12":2},"b":{"0":[12],"1":[2,0],"2":[1,11],"3":[1,10]},"meta":{"lastBranch":4,"lastFunction":13,"lastStatement":24,"seen":{"s:5:13:5:Infinity":0,"f:6:9:6:25":0,"s:8:2:8:Infinity":1,"f:11:16:11:25":1,"b:11:43:11:47":0,"s:12:16:12:Infinity":2,"s:13:17:13:Infinity":3,"s:15:8:17:Infinity":4,"f:15:14:15:27":2,"s:16:4:16:Infinity":5,"f:16:4:16:14":3,"s:16:27:16:76":6,"s:19:8:23:Infinity":7,"f:19:17:19:30":4,"s:20:4:22:Infinity":8,"f:20:4:20:14":5,"s:21:6:21:Infinity":9,"f:21:11:21:16":6,"s:21:23:21:75":10,"b:21:37:21:73:21:73:21:75":1,"s:25:8:27:Infinity":11,"f:25:17:25:30":7,"s:26:4:26:Infinity":12,"f:26:4:26:14":8,"s:26:23:26:54":13,"f:26:28:26:36":9,"s:26:42:26:53":14,"s:30:8:34:Infinity":15,"f:30:23:30:37":10,"b:31:4:31:Infinity:undefined:undefined:undefined:undefined":2,"s:31:4:31:Infinity":16,"s:31:29:31:Infinity":17,"f:31:42:31:50":11,"s:31:56:31:68":18,"b:32:4:32:Infinity:undefined:undefined:undefined:undefined":3,"s:32:4:32:Infinity":19,"s:32:32:32:Infinity":20,"f:32:45:32:53":12,"s:32:59:32:70":21,"s:33:4:33:Infinity":22,"s:36:2:36:Infinity":23},"fnNames":{}}}
,"C:\\Users\\cdavi\\OneDrive\\Escritorio\\TERCERO\\SEMESTRE 3\\calidad_software_banos\\MODULO 3\\vitest\\todo-app\\src\\interactions\\AddTodoFormInteraction.tsx": {"path":"C:\\Users\\cdavi\\OneDrive\\Escritorio\\TERCERO\\SEMESTRE 3\\calidad_software_banos\\MODULO 3\\vitest\\todo-app\\src\\interactions\\AddTodoFormInteraction.tsx","statementMap":{"0":{"start":{"line":9,"column":15},"end":{"line":9,"column":null}},"1":{"start":{"line":12,"column":4},"end":{"line":12,"column":null}},"2":{"start":{"line":13,"column":18},"end":{"line":13,"column":null}},"3":{"start":{"line":14,"column":4},"end":{"line":14,"column":null}},"4":{"start":{"line":14,"column":16},"end":{"line":14,"column":null}},"5":{"start":{"line":15,"column":4},"end":{"line":15,"column":null}},"6":{"start":{"line":16,"column":4},"end":{"line":16,"column":null}},"7":{"start":{"line":19,"column":2},"end":{"line":28,"column":null}},"8":{"start":{"line":25,"column":25},"end":{"line":25,"column":null}}},"fnMap":{"0":{"name":"AddTodoFormInteraction","decl":{"start":{"line":8,"column":16},"end":{"line":8,"column":39}},"loc":{"start":{"line":8,"column":79},"end":{"line":30,"column":null}},"line":8},"1":{"name":"handleSubmit","decl":{"start":{"line":11,"column":11},"end":{"line":11,"column":24}},"loc":{"start":{"line":11,"column":44},"end":{"line":17,"column":null}},"line":11},"2":{"name":"(anonymous_2)","decl":{"start":{"line":25,"column":8},"end":{"line":25,"column":19}},"loc":{"start":{"line":25,"column":25},"end":{"line":25,"column":null}},"line":25}},"branchMap":{"0":{"loc":{"start":{"line":14,"column":4},"end":{"line":14,"column":null}},"type":"if","locations":[{"start":{"line":14,"column":4},"end":{"line":14,"column":null}},{"start":{},"end":{}}],"line":14}},"s":{"0":58,"1":4,"2":4,"3":4,"4":0,"5":4,"6":4,"7":58,"8":51},"f":{"0":58,"1":4,"2":51},"b":{"0":[0,4]},"meta":{"lastBranch":1,"lastFunction":3,"lastStatement":9,"seen":{"f:8:16:8:39":0,"s:9:15:9:Infinity":0,"f:11:11:11:24":1,"s:12:4:12:Infinity":1,"s:13:18:13:Infinity":2,"b:14:4:14:Infinity:undefined:undefined:undefined:undefined":0,"s:14:4:14:Infinity":3,"s:14:16:14:Infinity":4,"s:15:4:15:Infinity":5,"s:16:4:16:Infinity":6,"s:19:2:28:Infinity":7,"f:25:8:25:19":2,"s:25:25:25:Infinity":8},"fnNames":{}}}
,"C:\\Users\\cdavi\\OneDrive\\Escritorio\\TERCERO\\SEMESTRE 3\\calidad_software_banos\\MODULO 3\\vitest\\todo-app\\src\\interactions\\TodoItemInteraction.tsx": {"path":"C:\\Users\\cdavi\\OneDrive\\Escritorio\\TERCERO\\SEMESTRE 3\\calidad_software_banos\\MODULO 3\\vitest\\todo-app\\src\\interactions\\TodoItemInteraction.tsx","statementMap":{"0":{"start":{"line":11,"column":2},"end":{"line":25,"column":null}},"1":{"start":{"line":17,"column":24},"end":{"line":17,"column":null}},"2":{"start":{"line":22,"column":66},"end":{"line":22,"column":85}}},"fnMap":{"0":{"name":"TodoItemInteraction","decl":{"start":{"line":10,"column":16},"end":{"line":10,"column":36}},"loc":{"start":{"line":10,"column":92},"end":{"line":27,"column":null}},"line":10},"1":{"name":"(anonymous_1)","decl":{"start":{"line":17,"column":8},"end":{"line":17,"column":24}},"loc":{"start":{"line":17,"column":24},"end":{"line":17,"column":null}},"line":17},"2":{"name":"(anonymous_2)","decl":{"start":{"line":22,"column":51},"end":{"line":22,"column":66}},"loc":{"start":{"line":22,"column":66},"end":{"line":22,"column":85}},"line":22}},"branchMap":{"0":{"loc":{"start":{"line":19,"column":37},"end":{"line":19,"column":78}},"type":"cond-expr","locations":[{"start":{"line":19,"column":54},"end":{"line":19,"column":71}},{"start":{"line":19,"column":71},"end":{"line":19,"column":78}}],"line":19}},"s":{"0":3,"1":1,"2":1},"f":{"0":3,"1":1,"2":1},"b":{"0":[1,2]},"meta":{"lastBranch":1,"lastFunction":3,"lastStatement":3,"seen":{"f:10:16:10:36":0,"s:11:2:25:Infinity":0,"f:17:8:17:24":1,"s:17:24:17:Infinity":1,"b:19:54:19:71:19:71:19:78":0,"f:22:51:22:66":2,"s:22:66:22:85":2},"fnNames":{}}}
,"C:\\Users\\cdavi\\OneDrive\\Escritorio\\TERCERO\\SEMESTRE 3\\calidad_software_banos\\MODULO 3\\vitest\\todo-app\\src\\test\\mocks\\handlers.ts": {"path":"C:\\Users\\cdavi\\OneDrive\\Escritorio\\TERCERO\\SEMESTRE 3\\calidad_software_banos\\MODULO 3\\vitest\\todo-app\\src\\test\\mocks\\handlers.ts","statementMap":{"0":{"start":{"line":6,"column":38},"end":{"line":9,"column":null}},"1":{"start":{"line":11,"column":24},"end":{"line":16,"column":null}},"2":{"start":{"line":14,"column":4},"end":{"line":14,"column":null}}},"fnMap":{"0":{"name":"(anonymous_0)","decl":{"start":{"line":13,"column":11},"end":{"line":13,"column":31}},"loc":{"start":{"line":13,"column":31},"end":{"line":15,"column":3}},"line":13}},"branchMap":{},"s":{"0":16,"1":16,"2":4},"f":{"0":4},"b":{},"meta":{"lastBranch":0,"lastFunction":1,"lastStatement":3,"seen":{"s:6:38:9:Infinity":0,"s:11:24:16:Infinity":1,"f:13:11:13:31":0,"s:14:4:14:Infinity":2},"fnNames":{}}}
,"C:\\Users\\cdavi\\OneDrive\\Escritorio\\TERCERO\\SEMESTRE 3\\calidad_software_banos\\MODULO 3\\vitest\\todo-app\\src\\test\\mocks\\server.ts": {"path":"C:\\Users\\cdavi\\OneDrive\\Escritorio\\TERCERO\\SEMESTRE 3\\calidad_software_banos\\MODULO 3\\vitest\\todo-app\\src\\test\\mocks\\server.ts","statementMap":{"0":{"start":{"line":6,"column":13},"end":{"line":6,"column":null}}},"fnMap":{},"branchMap":{},"s":{"0":16},"f":{},"b":{},"meta":{"lastBranch":0,"lastFunction":0,"lastStatement":1,"seen":{"s:6:13:6:Infinity":0},"fnNames":{}}}
}
